{
  "RSpec": {
    "coverage": {
      "/Users/cjolibois/turing/4module/projects/little_fellow/little_fellow_be/app/helpers/application_helper.rb": [
        1,
        null
      ],
      "/Users/cjolibois/turing/4module/projects/little_fellow/little_fellow_be/app/controllers/api/v1/welcome_controller.rb": [
        1,
        1,
        1,
        null,
        null
      ],
      "/Users/cjolibois/turing/4module/projects/little_fellow/little_fellow_be/app/controllers/application_controller.rb": [
        1,
        null
      ],
      "/Users/cjolibois/turing/4module/projects/little_fellow/little_fellow_be/app/facade/welcome_facade.rb": [
        1,
        1,
        1,
        null,
        null,
        1,
        1,
        1,
        null,
        null
      ],
      "/Users/cjolibois/turing/4module/projects/little_fellow/little_fellow_be/app/services/pet_finder_service.rb": [
        1,
        1,
        1,
        1,
        null,
        null,
        1,
        1,
        null,
        null,
        1,
        null,
        1,
        1,
        1,
        null,
        null,
        1,
        1,
        1,
        null,
        null,
        null
      ],
      "/Users/cjolibois/turing/4module/projects/little_fellow/little_fellow_be/app/poros/pet.rb": [
        1,
        1,
        null,
        null,
        null,
        null,
        null,
        null,
        null,
        null,
        null,
        null,
        null,
        null,
        null,
        null,
        null,
        null,
        null,
        null,
        1,
        1,
        1,
        1,
        1,
        1,
        1,
        1,
        1,
        1,
        1,
        1,
        1,
        1,
        1,
        1,
        1,
        1,
        1,
        null,
        null,
        null,
        1,
        0,
        0,
        null,
        null,
        null,
        1,
        1,
        3,
        null,
        null,
        null
      ]
    },
    "timestamp": 1550972089
  }
}
